The system is: Linux - 6.1.163-186.299.amzn2023.x86_64 - x86_64
Compiling the CXX compiler identification source file "CMakeCXXCompilerId.cpp" succeeded.
Compiler: /usr/bin/clang++-19 
Build flags: 
Id flags:  

The output was:
0


Compilation of the CXX compiler identification source "CMakeCXXCompilerId.cpp" produced "a.out"

The CXX compiler identification is Clang, found in "/home/ec2-user/apex-db/build/CMakeFiles/3.22.2/CompilerIdCXX/a.out"

Compiling the C compiler identification source file "CMakeCCompilerId.c" succeeded.
Compiler: /usr/bin/clang-19 
Build flags: 
Id flags:  

The output was:
0


Compilation of the C compiler identification source "CMakeCCompilerId.c" produced "a.out"

The C compiler identification is Clang, found in "/home/ec2-user/apex-db/build/CMakeFiles/3.22.2/CompilerIdC/a.out"

Detecting CXX compiler ABI info compiled with the following output:
Change Dir: /home/ec2-user/apex-db/build/CMakeFiles/CMakeTmp

Run Build Command(s):/usr/bin/ninja-build cmTC_a5614 && [1/2] Building CXX object CMakeFiles/cmTC_a5614.dir/CMakeCXXCompilerABI.cpp.o
clang version 19.1.7 (AWS 19.1.7-13.amzn2023.0.2)
Target: x86_64-amazon-linux-gnu
Thread model: posix
InstalledDir: /usr/lib64/llvm19/bin
Configuration file: /etc/clang19/x86_64-amazon-linux-gnu-clang++.cfg
System configuration file directory: /etc/clang19/
Found candidate GCC installation: /usr/lib/gcc/x86_64-amazon-linux/11
Selected GCC installation: /usr/lib/gcc/x86_64-amazon-linux/11
Candidate multilib: .;@m64
Candidate multilib: 32;@m32
Selected multilib: .;@m64
 (in-process)
 "/usr/lib64/llvm19/bin/clang-19" -cc1 -triple x86_64-amazon-linux-gnu -emit-obj -disable-free -clear-ast-before-backend -disable-llvm-verifier -discard-value-names -main-file-name CMakeCXXCompilerABI.cpp -mrelocation-model static -mframe-pointer=all -fmath-errno -ffp-contract=on -fno-rounding-math -mconstructor-aliases -funwind-tables=2 -target-cpu x86-64 -tune-cpu generic -debugger-tuning=gdb -fdebug-compilation-dir=/home/ec2-user/apex-db/build/CMakeFiles/CMakeTmp -v -fcoverage-compilation-dir=/home/ec2-user/apex-db/build/CMakeFiles/CMakeTmp -resource-dir /usr/lib64/llvm19/bin/../../../lib/clang/19 -dependency-file CMakeFiles/cmTC_a5614.dir/CMakeCXXCompilerABI.cpp.o.d -MT CMakeFiles/cmTC_a5614.dir/CMakeCXXCompilerABI.cpp.o -sys-header-deps -internal-isystem /usr/lib/gcc/x86_64-amazon-linux/11/../../../../include/c++/11 -internal-isystem /usr/lib/gcc/x86_64-amazon-linux/11/../../../../include/c++/11/x86_64-amazon-linux -internal-isystem /usr/lib/gcc/x86_64-amazon-linux/11/../../../../include/c++/11/backward -internal-isystem /usr/lib64/llvm19/bin/../../../lib/clang/19/include -internal-isystem /usr/local/include -internal-isystem /usr/lib/gcc/x86_64-amazon-linux/11/../../../../x86_64-amazon-linux/include -internal-externc-isystem /include -internal-externc-isystem /usr/include -fdeprecated-macro -ferror-limit 19 -fgnuc-version=4.2.1 -fskip-odr-check-in-gmf -fcxx-exceptions -fexceptions -faddrsig -D__GCC_HAVE_DWARF2_CFI_ASM=1 -o CMakeFiles/cmTC_a5614.dir/CMakeCXXCompilerABI.cpp.o -x c++ /usr/share/cmake/Modules/CMakeCXXCompilerABI.cpp
clang -cc1 version 19.1.7 based upon LLVM 19.1.7 default target x86_64-amazon-linux-gnu
ignoring nonexistent directory "/usr/lib/gcc/x86_64-amazon-linux/11/../../../../x86_64-amazon-linux/include"
ignoring nonexistent directory "/include"
#include "..." search starts here:
#include <...> search starts here:
 /usr/lib/gcc/x86_64-amazon-linux/11/../../../../include/c++/11
 /usr/lib/gcc/x86_64-amazon-linux/11/../../../../include/c++/11/x86_64-amazon-linux
 /usr/lib/gcc/x86_64-amazon-linux/11/../../../../include/c++/11/backward
 /usr/lib64/llvm19/bin/../../../lib/clang/19/include
 /usr/local/include
 /usr/include
End of search list.
[2/2] Linking CXX executable cmTC_a5614
clang version 19.1.7 (AWS 19.1.7-13.amzn2023.0.2)
Target: x86_64-amazon-linux-gnu
Thread model: posix
InstalledDir: /usr/lib64/llvm19/bin
Configuration file: /etc/clang19/x86_64-amazon-linux-gnu-clang++.cfg
System configuration file directory: /etc/clang19/
Found candidate GCC installation: /usr/lib/gcc/x86_64-amazon-linux/11
Selected GCC installation: /usr/lib/gcc/x86_64-amazon-linux/11
Candidate multilib: .;@m64
Candidate multilib: 32;@m32
Selected multilib: .;@m64
 "/usr/bin/ld" --hash-style=gnu --build-id --eh-frame-hdr -m elf_x86_64 -dynamic-linker /lib64/ld-linux-x86-64.so.2 -o cmTC_a5614 /usr/lib/gcc/x86_64-amazon-linux/11/../../../../lib64/crt1.o /usr/lib/gcc/x86_64-amazon-linux/11/../../../../lib64/crti.o /usr/lib/gcc/x86_64-amazon-linux/11/crtbegin.o -L/usr/lib64/llvm19/bin/../../../lib/clang/19/lib/x86_64-amazon-linux-gnu -L/usr/lib/gcc/x86_64-amazon-linux/11 -L/usr/lib/gcc/x86_64-amazon-linux/11/../../../../lib64 -L/lib/../lib64 -L/usr/lib/../lib64 -L/lib -L/usr/lib CMakeFiles/cmTC_a5614.dir/CMakeCXXCompilerABI.cpp.o -lstdc++ -lm -lgcc_s -lgcc -lc -lgcc_s -lgcc /usr/lib/gcc/x86_64-amazon-linux/11/crtend.o /usr/lib/gcc/x86_64-amazon-linux/11/../../../../lib64/crtn.o



Parsed CXX implicit include dir info from above output: rv=done
  found start of include info
  found start of implicit include info
    add: [/usr/lib/gcc/x86_64-amazon-linux/11/../../../../include/c++/11]
    add: [/usr/lib/gcc/x86_64-amazon-linux/11/../../../../include/c++/11/x86_64-amazon-linux]
    add: [/usr/lib/gcc/x86_64-amazon-linux/11/../../../../include/c++/11/backward]
    add: [/usr/lib64/llvm19/bin/../../../lib/clang/19/include]
    add: [/usr/local/include]
    add: [/usr/include]
  end of search list found
  collapse include dir [/usr/lib/gcc/x86_64-amazon-linux/11/../../../../include/c++/11] ==> [/usr/include/c++/11]
  collapse include dir [/usr/lib/gcc/x86_64-amazon-linux/11/../../../../include/c++/11/x86_64-amazon-linux] ==> [/usr/include/c++/11/x86_64-amazon-linux]
  collapse include dir [/usr/lib/gcc/x86_64-amazon-linux/11/../../../../include/c++/11/backward] ==> [/usr/include/c++/11/backward]
  collapse include dir [/usr/lib64/llvm19/bin/../../../lib/clang/19/include] ==> [/usr/lib/clang/19/include]
  collapse include dir [/usr/local/include] ==> [/usr/local/include]
  collapse include dir [/usr/include] ==> [/usr/include]
  implicit include dirs: [/usr/include/c++/11;/usr/include/c++/11/x86_64-amazon-linux;/usr/include/c++/11/backward;/usr/lib/clang/19/include;/usr/local/include;/usr/include]


Parsed CXX implicit link information from above output:
  link line regex: [^( *|.*[/\])(ld|CMAKE_LINK_STARTFILE-NOTFOUND|([^/\]+-)?ld|collect2)[^/\]*( |$)]
  ignore line: [Change Dir: /home/ec2-user/apex-db/build/CMakeFiles/CMakeTmp]
  ignore line: []
  ignore line: [Run Build Command(s):/usr/bin/ninja-build cmTC_a5614 && [1/2] Building CXX object CMakeFiles/cmTC_a5614.dir/CMakeCXXCompilerABI.cpp.o]
  ignore line: [clang version 19.1.7 (AWS 19.1.7-13.amzn2023.0.2)]
  ignore line: [Target: x86_64-amazon-linux-gnu]
  ignore line: [Thread model: posix]
  ignore line: [InstalledDir: /usr/lib64/llvm19/bin]
  ignore line: [Configuration file: /etc/clang19/x86_64-amazon-linux-gnu-clang++.cfg]
  ignore line: [System configuration file directory: /etc/clang19/]
  ignore line: [Found candidate GCC installation: /usr/lib/gcc/x86_64-amazon-linux/11]
  ignore line: [Selected GCC installation: /usr/lib/gcc/x86_64-amazon-linux/11]
  ignore line: [Candidate multilib: .]
  ignore line: [@m64]
  ignore line: [Candidate multilib: 32]
  ignore line: [@m32]
  ignore line: [Selected multilib: .]
  ignore line: [@m64]
  ignore line: [ (in-process)]
  ignore line: [ "/usr/lib64/llvm19/bin/clang-19" -cc1 -triple x86_64-amazon-linux-gnu -emit-obj -disable-free -clear-ast-before-backend -disable-llvm-verifier -discard-value-names -main-file-name CMakeCXXCompilerABI.cpp -mrelocation-model static -mframe-pointer=all -fmath-errno -ffp-contract=on -fno-rounding-math -mconstructor-aliases -funwind-tables=2 -target-cpu x86-64 -tune-cpu generic -debugger-tuning=gdb -fdebug-compilation-dir=/home/ec2-user/apex-db/build/CMakeFiles/CMakeTmp -v -fcoverage-compilation-dir=/home/ec2-user/apex-db/build/CMakeFiles/CMakeTmp -resource-dir /usr/lib64/llvm19/bin/../../../lib/clang/19 -dependency-file CMakeFiles/cmTC_a5614.dir/CMakeCXXCompilerABI.cpp.o.d -MT CMakeFiles/cmTC_a5614.dir/CMakeCXXCompilerABI.cpp.o -sys-header-deps -internal-isystem /usr/lib/gcc/x86_64-amazon-linux/11/../../../../include/c++/11 -internal-isystem /usr/lib/gcc/x86_64-amazon-linux/11/../../../../include/c++/11/x86_64-amazon-linux -internal-isystem /usr/lib/gcc/x86_64-amazon-linux/11/../../../../include/c++/11/backward -internal-isystem /usr/lib64/llvm19/bin/../../../lib/clang/19/include -internal-isystem /usr/local/include -internal-isystem /usr/lib/gcc/x86_64-amazon-linux/11/../../../../x86_64-amazon-linux/include -internal-externc-isystem /include -internal-externc-isystem /usr/include -fdeprecated-macro -ferror-limit 19 -fgnuc-version=4.2.1 -fskip-odr-check-in-gmf -fcxx-exceptions -fexceptions -faddrsig -D__GCC_HAVE_DWARF2_CFI_ASM=1 -o CMakeFiles/cmTC_a5614.dir/CMakeCXXCompilerABI.cpp.o -x c++ /usr/share/cmake/Modules/CMakeCXXCompilerABI.cpp]
  ignore line: [clang -cc1 version 19.1.7 based upon LLVM 19.1.7 default target x86_64-amazon-linux-gnu]
  ignore line: [ignoring nonexistent directory "/usr/lib/gcc/x86_64-amazon-linux/11/../../../../x86_64-amazon-linux/include"]
  ignore line: [ignoring nonexistent directory "/include"]
  ignore line: [#include "..." search starts here:]
  ignore line: [#include <...> search starts here:]
  ignore line: [ /usr/lib/gcc/x86_64-amazon-linux/11/../../../../include/c++/11]
  ignore line: [ /usr/lib/gcc/x86_64-amazon-linux/11/../../../../include/c++/11/x86_64-amazon-linux]
  ignore line: [ /usr/lib/gcc/x86_64-amazon-linux/11/../../../../include/c++/11/backward]
  ignore line: [ /usr/lib64/llvm19/bin/../../../lib/clang/19/include]
  ignore line: [ /usr/local/include]
  ignore line: [ /usr/include]
  ignore line: [End of search list.]
  ignore line: [[2/2] Linking CXX executable cmTC_a5614]
  ignore line: [clang version 19.1.7 (AWS 19.1.7-13.amzn2023.0.2)]
  ignore line: [Target: x86_64-amazon-linux-gnu]
  ignore line: [Thread model: posix]
  ignore line: [InstalledDir: /usr/lib64/llvm19/bin]
  ignore line: [Configuration file: /etc/clang19/x86_64-amazon-linux-gnu-clang++.cfg]
  ignore line: [System configuration file directory: /etc/clang19/]
  ignore line: [Found candidate GCC installation: /usr/lib/gcc/x86_64-amazon-linux/11]
  ignore line: [Selected GCC installation: /usr/lib/gcc/x86_64-amazon-linux/11]
  ignore line: [Candidate multilib: .]
  ignore line: [@m64]
  ignore line: [Candidate multilib: 32]
  ignore line: [@m32]
  ignore line: [Selected multilib: .]
  ignore line: [@m64]
  link line: [ "/usr/bin/ld" --hash-style=gnu --build-id --eh-frame-hdr -m elf_x86_64 -dynamic-linker /lib64/ld-linux-x86-64.so.2 -o cmTC_a5614 /usr/lib/gcc/x86_64-amazon-linux/11/../../../../lib64/crt1.o /usr/lib/gcc/x86_64-amazon-linux/11/../../../../lib64/crti.o /usr/lib/gcc/x86_64-amazon-linux/11/crtbegin.o -L/usr/lib64/llvm19/bin/../../../lib/clang/19/lib/x86_64-amazon-linux-gnu -L/usr/lib/gcc/x86_64-amazon-linux/11 -L/usr/lib/gcc/x86_64-amazon-linux/11/../../../../lib64 -L/lib/../lib64 -L/usr/lib/../lib64 -L/lib -L/usr/lib CMakeFiles/cmTC_a5614.dir/CMakeCXXCompilerABI.cpp.o -lstdc++ -lm -lgcc_s -lgcc -lc -lgcc_s -lgcc /usr/lib/gcc/x86_64-amazon-linux/11/crtend.o /usr/lib/gcc/x86_64-amazon-linux/11/../../../../lib64/crtn.o]
    arg [/usr/bin/ld] ==> ignore
    arg [--hash-style=gnu] ==> ignore
    arg [--build-id] ==> ignore
    arg [--eh-frame-hdr] ==> ignore
    arg [-m] ==> ignore
    arg [elf_x86_64] ==> ignore
    arg [-dynamic-linker] ==> ignore
    arg [/lib64/ld-linux-x86-64.so.2] ==> ignore
    arg [-o] ==> ignore
    arg [cmTC_a5614] ==> ignore
    arg [/usr/lib/gcc/x86_64-amazon-linux/11/../../../../lib64/crt1.o] ==> obj [/usr/lib/gcc/x86_64-amazon-linux/11/../../../../lib64/crt1.o]
    arg [/usr/lib/gcc/x86_64-amazon-linux/11/../../../../lib64/crti.o] ==> obj [/usr/lib/gcc/x86_64-amazon-linux/11/../../../../lib64/crti.o]
    arg [/usr/lib/gcc/x86_64-amazon-linux/11/crtbegin.o] ==> obj [/usr/lib/gcc/x86_64-amazon-linux/11/crtbegin.o]
    arg [-L/usr/lib64/llvm19/bin/../../../lib/clang/19/lib/x86_64-amazon-linux-gnu] ==> dir [/usr/lib64/llvm19/bin/../../../lib/clang/19/lib/x86_64-amazon-linux-gnu]
    arg [-L/usr/lib/gcc/x86_64-amazon-linux/11] ==> dir [/usr/lib/gcc/x86_64-amazon-linux/11]
    arg [-L/usr/lib/gcc/x86_64-amazon-linux/11/../../../../lib64] ==> dir [/usr/lib/gcc/x86_64-amazon-linux/11/../../../../lib64]
    arg [-L/lib/../lib64] ==> dir [/lib/../lib64]
    arg [-L/usr/lib/../lib64] ==> dir [/usr/lib/../lib64]
    arg [-L/lib] ==> dir [/lib]
    arg [-L/usr/lib] ==> dir [/usr/lib]
    arg [CMakeFiles/cmTC_a5614.dir/CMakeCXXCompilerABI.cpp.o] ==> ignore
    arg [-lstdc++] ==> lib [stdc++]
    arg [-lm] ==> lib [m]
    arg [-lgcc_s] ==> lib [gcc_s]
    arg [-lgcc] ==> lib [gcc]
    arg [-lc] ==> lib [c]
    arg [-lgcc_s] ==> lib [gcc_s]
    arg [-lgcc] ==> lib [gcc]
    arg [/usr/lib/gcc/x86_64-amazon-linux/11/crtend.o] ==> obj [/usr/lib/gcc/x86_64-amazon-linux/11/crtend.o]
    arg [/usr/lib/gcc/x86_64-amazon-linux/11/../../../../lib64/crtn.o] ==> obj [/usr/lib/gcc/x86_64-amazon-linux/11/../../../../lib64/crtn.o]
  collapse obj [/usr/lib/gcc/x86_64-amazon-linux/11/../../../../lib64/crt1.o] ==> [/usr/lib64/crt1.o]
  collapse obj [/usr/lib/gcc/x86_64-amazon-linux/11/../../../../lib64/crti.o] ==> [/usr/lib64/crti.o]
  collapse obj [/usr/lib/gcc/x86_64-amazon-linux/11/../../../../lib64/crtn.o] ==> [/usr/lib64/crtn.o]
  collapse library dir [/usr/lib64/llvm19/bin/../../../lib/clang/19/lib/x86_64-amazon-linux-gnu] ==> [/usr/lib/clang/19/lib/x86_64-amazon-linux-gnu]
  collapse library dir [/usr/lib/gcc/x86_64-amazon-linux/11] ==> [/usr/lib/gcc/x86_64-amazon-linux/11]
  collapse library dir [/usr/lib/gcc/x86_64-amazon-linux/11/../../../../lib64] ==> [/usr/lib64]
  collapse library dir [/lib/../lib64] ==> [/lib64]
  collapse library dir [/usr/lib/../lib64] ==> [/usr/lib64]
  collapse library dir [/lib] ==> [/lib]
  collapse library dir [/usr/lib] ==> [/usr/lib]
  implicit libs: [stdc++;m;gcc_s;gcc;c;gcc_s;gcc]
  implicit objs: [/usr/lib64/crt1.o;/usr/lib64/crti.o;/usr/lib/gcc/x86_64-amazon-linux/11/crtbegin.o;/usr/lib/gcc/x86_64-amazon-linux/11/crtend.o;/usr/lib64/crtn.o]
  implicit dirs: [/usr/lib/clang/19/lib/x86_64-amazon-linux-gnu;/usr/lib/gcc/x86_64-amazon-linux/11;/usr/lib64;/lib64;/lib;/usr/lib]
  implicit fwks: []


Detecting C compiler ABI info compiled with the following output:
Change Dir: /home/ec2-user/apex-db/build/CMakeFiles/CMakeTmp

Run Build Command(s):/usr/bin/ninja-build cmTC_9a3c6 && [1/2] Building C object CMakeFiles/cmTC_9a3c6.dir/CMakeCCompilerABI.c.o
clang version 19.1.7 (AWS 19.1.7-13.amzn2023.0.2)
Target: x86_64-amazon-linux-gnu
Thread model: posix
InstalledDir: /usr/lib64/llvm19/bin
Configuration file: /etc/clang19/x86_64-amazon-linux-gnu-clang.cfg
System configuration file directory: /etc/clang19/
Found candidate GCC installation: /usr/lib/gcc/x86_64-amazon-linux/11
Selected GCC installation: /usr/lib/gcc/x86_64-amazon-linux/11
Candidate multilib: .;@m64
Candidate multilib: 32;@m32
Selected multilib: .;@m64
 (in-process)
 "/usr/lib64/llvm19/bin/clang-19" -cc1 -triple x86_64-amazon-linux-gnu -emit-obj -disable-free -clear-ast-before-backend -disable-llvm-verifier -discard-value-names -main-file-name CMakeCCompilerABI.c -mrelocation-model static -mframe-pointer=all -fmath-errno -ffp-contract=on -fno-rounding-math -mconstructor-aliases -funwind-tables=2 -target-cpu x86-64 -tune-cpu generic -debugger-tuning=gdb -fdebug-compilation-dir=/home/ec2-user/apex-db/build/CMakeFiles/CMakeTmp -v -fcoverage-compilation-dir=/home/ec2-user/apex-db/build/CMakeFiles/CMakeTmp -resource-dir /usr/lib64/llvm19/bin/../../../lib/clang/19 -dependency-file CMakeFiles/cmTC_9a3c6.dir/CMakeCCompilerABI.c.o.d -MT CMakeFiles/cmTC_9a3c6.dir/CMakeCCompilerABI.c.o -sys-header-deps -internal-isystem /usr/lib64/llvm19/bin/../../../lib/clang/19/include -internal-isystem /usr/local/include -internal-isystem /usr/lib/gcc/x86_64-amazon-linux/11/../../../../x86_64-amazon-linux/include -internal-externc-isystem /include -internal-externc-isystem /usr/include -ferror-limit 19 -fgnuc-version=4.2.1 -fskip-odr-check-in-gmf -faddrsig -D__GCC_HAVE_DWARF2_CFI_ASM=1 -o CMakeFiles/cmTC_9a3c6.dir/CMakeCCompilerABI.c.o -x c /usr/share/cmake/Modules/CMakeCCompilerABI.c
clang -cc1 version 19.1.7 based upon LLVM 19.1.7 default target x86_64-amazon-linux-gnu
ignoring nonexistent directory "/usr/lib/gcc/x86_64-amazon-linux/11/../../../../x86_64-amazon-linux/include"
ignoring nonexistent directory "/include"
#include "..." search starts here:
#include <...> search starts here:
 /usr/lib64/llvm19/bin/../../../lib/clang/19/include
 /usr/local/include
 /usr/include
End of search list.
[2/2] Linking C executable cmTC_9a3c6
clang version 19.1.7 (AWS 19.1.7-13.amzn2023.0.2)
Target: x86_64-amazon-linux-gnu
Thread model: posix
InstalledDir: /usr/lib64/llvm19/bin
Configuration file: /etc/clang19/x86_64-amazon-linux-gnu-clang.cfg
System configuration file directory: /etc/clang19/
Found candidate GCC installation: /usr/lib/gcc/x86_64-amazon-linux/11
Selected GCC installation: /usr/lib/gcc/x86_64-amazon-linux/11
Candidate multilib: .;@m64
Candidate multilib: 32;@m32
Selected multilib: .;@m64
 "/usr/bin/ld" --hash-style=gnu --build-id --eh-frame-hdr -m elf_x86_64 -dynamic-linker /lib64/ld-linux-x86-64.so.2 -o cmTC_9a3c6 /usr/lib/gcc/x86_64-amazon-linux/11/../../../../lib64/crt1.o /usr/lib/gcc/x86_64-amazon-linux/11/../../../../lib64/crti.o /usr/lib/gcc/x86_64-amazon-linux/11/crtbegin.o -L/usr/lib64/llvm19/bin/../../../lib/clang/19/lib/x86_64-amazon-linux-gnu -L/usr/lib/gcc/x86_64-amazon-linux/11 -L/usr/lib/gcc/x86_64-amazon-linux/11/../../../../lib64 -L/lib/../lib64 -L/usr/lib/../lib64 -L/lib -L/usr/lib CMakeFiles/cmTC_9a3c6.dir/CMakeCCompilerABI.c.o -lgcc --as-needed -lgcc_s --no-as-needed -lc -lgcc --as-needed -lgcc_s --no-as-needed /usr/lib/gcc/x86_64-amazon-linux/11/crtend.o /usr/lib/gcc/x86_64-amazon-linux/11/../../../../lib64/crtn.o



Parsed C implicit include dir info from above output: rv=done
  found start of include info
  found start of implicit include info
    add: [/usr/lib64/llvm19/bin/../../../lib/clang/19/include]
    add: [/usr/local/include]
    add: [/usr/include]
  end of search list found
  collapse include dir [/usr/lib64/llvm19/bin/../../../lib/clang/19/include] ==> [/usr/lib/clang/19/include]
  collapse include dir [/usr/local/include] ==> [/usr/local/include]
  collapse include dir [/usr/include] ==> [/usr/include]
  implicit include dirs: [/usr/lib/clang/19/include;/usr/local/include;/usr/include]


Parsed C implicit link information from above output:
  link line regex: [^( *|.*[/\])(ld|CMAKE_LINK_STARTFILE-NOTFOUND|([^/\]+-)?ld|collect2)[^/\]*( |$)]
  ignore line: [Change Dir: /home/ec2-user/apex-db/build/CMakeFiles/CMakeTmp]
  ignore line: []
  ignore line: [Run Build Command(s):/usr/bin/ninja-build cmTC_9a3c6 && [1/2] Building C object CMakeFiles/cmTC_9a3c6.dir/CMakeCCompilerABI.c.o]
  ignore line: [clang version 19.1.7 (AWS 19.1.7-13.amzn2023.0.2)]
  ignore line: [Target: x86_64-amazon-linux-gnu]
  ignore line: [Thread model: posix]
  ignore line: [InstalledDir: /usr/lib64/llvm19/bin]
  ignore line: [Configuration file: /etc/clang19/x86_64-amazon-linux-gnu-clang.cfg]
  ignore line: [System configuration file directory: /etc/clang19/]
  ignore line: [Found candidate GCC installation: /usr/lib/gcc/x86_64-amazon-linux/11]
  ignore line: [Selected GCC installation: /usr/lib/gcc/x86_64-amazon-linux/11]
  ignore line: [Candidate multilib: .]
  ignore line: [@m64]
  ignore line: [Candidate multilib: 32]
  ignore line: [@m32]
  ignore line: [Selected multilib: .]
  ignore line: [@m64]
  ignore line: [ (in-process)]
  ignore line: [ "/usr/lib64/llvm19/bin/clang-19" -cc1 -triple x86_64-amazon-linux-gnu -emit-obj -disable-free -clear-ast-before-backend -disable-llvm-verifier -discard-value-names -main-file-name CMakeCCompilerABI.c -mrelocation-model static -mframe-pointer=all -fmath-errno -ffp-contract=on -fno-rounding-math -mconstructor-aliases -funwind-tables=2 -target-cpu x86-64 -tune-cpu generic -debugger-tuning=gdb -fdebug-compilation-dir=/home/ec2-user/apex-db/build/CMakeFiles/CMakeTmp -v -fcoverage-compilation-dir=/home/ec2-user/apex-db/build/CMakeFiles/CMakeTmp -resource-dir /usr/lib64/llvm19/bin/../../../lib/clang/19 -dependency-file CMakeFiles/cmTC_9a3c6.dir/CMakeCCompilerABI.c.o.d -MT CMakeFiles/cmTC_9a3c6.dir/CMakeCCompilerABI.c.o -sys-header-deps -internal-isystem /usr/lib64/llvm19/bin/../../../lib/clang/19/include -internal-isystem /usr/local/include -internal-isystem /usr/lib/gcc/x86_64-amazon-linux/11/../../../../x86_64-amazon-linux/include -internal-externc-isystem /include -internal-externc-isystem /usr/include -ferror-limit 19 -fgnuc-version=4.2.1 -fskip-odr-check-in-gmf -faddrsig -D__GCC_HAVE_DWARF2_CFI_ASM=1 -o CMakeFiles/cmTC_9a3c6.dir/CMakeCCompilerABI.c.o -x c /usr/share/cmake/Modules/CMakeCCompilerABI.c]
  ignore line: [clang -cc1 version 19.1.7 based upon LLVM 19.1.7 default target x86_64-amazon-linux-gnu]
  ignore line: [ignoring nonexistent directory "/usr/lib/gcc/x86_64-amazon-linux/11/../../../../x86_64-amazon-linux/include"]
  ignore line: [ignoring nonexistent directory "/include"]
  ignore line: [#include "..." search starts here:]
  ignore line: [#include <...> search starts here:]
  ignore line: [ /usr/lib64/llvm19/bin/../../../lib/clang/19/include]
  ignore line: [ /usr/local/include]
  ignore line: [ /usr/include]
  ignore line: [End of search list.]
  ignore line: [[2/2] Linking C executable cmTC_9a3c6]
  ignore line: [clang version 19.1.7 (AWS 19.1.7-13.amzn2023.0.2)]
  ignore line: [Target: x86_64-amazon-linux-gnu]
  ignore line: [Thread model: posix]
  ignore line: [InstalledDir: /usr/lib64/llvm19/bin]
  ignore line: [Configuration file: /etc/clang19/x86_64-amazon-linux-gnu-clang.cfg]
  ignore line: [System configuration file directory: /etc/clang19/]
  ignore line: [Found candidate GCC installation: /usr/lib/gcc/x86_64-amazon-linux/11]
  ignore line: [Selected GCC installation: /usr/lib/gcc/x86_64-amazon-linux/11]
  ignore line: [Candidate multilib: .]
  ignore line: [@m64]
  ignore line: [Candidate multilib: 32]
  ignore line: [@m32]
  ignore line: [Selected multilib: .]
  ignore line: [@m64]
  link line: [ "/usr/bin/ld" --hash-style=gnu --build-id --eh-frame-hdr -m elf_x86_64 -dynamic-linker /lib64/ld-linux-x86-64.so.2 -o cmTC_9a3c6 /usr/lib/gcc/x86_64-amazon-linux/11/../../../../lib64/crt1.o /usr/lib/gcc/x86_64-amazon-linux/11/../../../../lib64/crti.o /usr/lib/gcc/x86_64-amazon-linux/11/crtbegin.o -L/usr/lib64/llvm19/bin/../../../lib/clang/19/lib/x86_64-amazon-linux-gnu -L/usr/lib/gcc/x86_64-amazon-linux/11 -L/usr/lib/gcc/x86_64-amazon-linux/11/../../../../lib64 -L/lib/../lib64 -L/usr/lib/../lib64 -L/lib -L/usr/lib CMakeFiles/cmTC_9a3c6.dir/CMakeCCompilerABI.c.o -lgcc --as-needed -lgcc_s --no-as-needed -lc -lgcc --as-needed -lgcc_s --no-as-needed /usr/lib/gcc/x86_64-amazon-linux/11/crtend.o /usr/lib/gcc/x86_64-amazon-linux/11/../../../../lib64/crtn.o]
    arg [/usr/bin/ld] ==> ignore
    arg [--hash-style=gnu] ==> ignore
    arg [--build-id] ==> ignore
    arg [--eh-frame-hdr] ==> ignore
    arg [-m] ==> ignore
    arg [elf_x86_64] ==> ignore
    arg [-dynamic-linker] ==> ignore
    arg [/lib64/ld-linux-x86-64.so.2] ==> ignore
    arg [-o] ==> ignore
    arg [cmTC_9a3c6] ==> ignore
    arg [/usr/lib/gcc/x86_64-amazon-linux/11/../../../../lib64/crt1.o] ==> obj [/usr/lib/gcc/x86_64-amazon-linux/11/../../../../lib64/crt1.o]
    arg [/usr/lib/gcc/x86_64-amazon-linux/11/../../../../lib64/crti.o] ==> obj [/usr/lib/gcc/x86_64-amazon-linux/11/../../../../lib64/crti.o]
    arg [/usr/lib/gcc/x86_64-amazon-linux/11/crtbegin.o] ==> obj [/usr/lib/gcc/x86_64-amazon-linux/11/crtbegin.o]
    arg [-L/usr/lib64/llvm19/bin/../../../lib/clang/19/lib/x86_64-amazon-linux-gnu] ==> dir [/usr/lib64/llvm19/bin/../../../lib/clang/19/lib/x86_64-amazon-linux-gnu]
    arg [-L/usr/lib/gcc/x86_64-amazon-linux/11] ==> dir [/usr/lib/gcc/x86_64-amazon-linux/11]
    arg [-L/usr/lib/gcc/x86_64-amazon-linux/11/../../../../lib64] ==> dir [/usr/lib/gcc/x86_64-amazon-linux/11/../../../../lib64]
    arg [-L/lib/../lib64] ==> dir [/lib/../lib64]
    arg [-L/usr/lib/../lib64] ==> dir [/usr/lib/../lib64]
    arg [-L/lib] ==> dir [/lib]
    arg [-L/usr/lib] ==> dir [/usr/lib]
    arg [CMakeFiles/cmTC_9a3c6.dir/CMakeCCompilerABI.c.o] ==> ignore
    arg [-lgcc] ==> lib [gcc]
    arg [--as-needed] ==> ignore
    arg [-lgcc_s] ==> lib [gcc_s]
    arg [--no-as-needed] ==> ignore
    arg [-lc] ==> lib [c]
    arg [-lgcc] ==> lib [gcc]
    arg [--as-needed] ==> ignore
    arg [-lgcc_s] ==> lib [gcc_s]
    arg [--no-as-needed] ==> ignore
    arg [/usr/lib/gcc/x86_64-amazon-linux/11/crtend.o] ==> obj [/usr/lib/gcc/x86_64-amazon-linux/11/crtend.o]
    arg [/usr/lib/gcc/x86_64-amazon-linux/11/../../../../lib64/crtn.o] ==> obj [/usr/lib/gcc/x86_64-amazon-linux/11/../../../../lib64/crtn.o]
  collapse obj [/usr/lib/gcc/x86_64-amazon-linux/11/../../../../lib64/crt1.o] ==> [/usr/lib64/crt1.o]
  collapse obj [/usr/lib/gcc/x86_64-amazon-linux/11/../../../../lib64/crti.o] ==> [/usr/lib64/crti.o]
  collapse obj [/usr/lib/gcc/x86_64-amazon-linux/11/../../../../lib64/crtn.o] ==> [/usr/lib64/crtn.o]
  collapse library dir [/usr/lib64/llvm19/bin/../../../lib/clang/19/lib/x86_64-amazon-linux-gnu] ==> [/usr/lib/clang/19/lib/x86_64-amazon-linux-gnu]
  collapse library dir [/usr/lib/gcc/x86_64-amazon-linux/11] ==> [/usr/lib/gcc/x86_64-amazon-linux/11]
  collapse library dir [/usr/lib/gcc/x86_64-amazon-linux/11/../../../../lib64] ==> [/usr/lib64]
  collapse library dir [/lib/../lib64] ==> [/lib64]
  collapse library dir [/usr/lib/../lib64] ==> [/usr/lib64]
  collapse library dir [/lib] ==> [/lib]
  collapse library dir [/usr/lib] ==> [/usr/lib]
  implicit libs: [gcc;gcc_s;c;gcc;gcc_s]
  implicit objs: [/usr/lib64/crt1.o;/usr/lib64/crti.o;/usr/lib/gcc/x86_64-amazon-linux/11/crtbegin.o;/usr/lib/gcc/x86_64-amazon-linux/11/crtend.o;/usr/lib64/crtn.o]
  implicit dirs: [/usr/lib/clang/19/lib/x86_64-amazon-linux-gnu;/usr/lib/gcc/x86_64-amazon-linux/11;/usr/lib64;/lib64;/lib;/usr/lib]
  implicit fwks: []


Performing C++ SOURCE FILE Test HAS_NULLPTR_WARNING succeeded with the following output:
Change Dir: /home/ec2-user/apex-db/build/CMakeFiles/CMakeTmp

Run Build Command(s):/usr/bin/ninja-build cmTC_9ebe8 && [1/2] Building CXX object CMakeFiles/cmTC_9ebe8.dir/src.cxx.o
[2/2] Linking CXX executable cmTC_9ebe8


Source file was:
int main() { return 0; }
Determining if the include file pthread.h exists passed with the following output:
Change Dir: /home/ec2-user/apex-db/build/CMakeFiles/CMakeTmp

Run Build Command(s):/usr/bin/ninja-build cmTC_e484d && [1/2] Building C object CMakeFiles/cmTC_e484d.dir/CheckIncludeFile.c.o
[2/2] Linking C executable cmTC_e484d



Performing C SOURCE FILE Test CMAKE_HAVE_LIBC_PTHREAD succeeded with the following output:
Change Dir: /home/ec2-user/apex-db/build/CMakeFiles/CMakeTmp

Run Build Command(s):/usr/bin/ninja-build cmTC_70517 && [1/2] Building C object CMakeFiles/cmTC_70517.dir/src.c.o
[2/2] Linking C executable cmTC_70517


Source file was:
#include <pthread.h>

static void* test_func(void* data)
{
  return data;
}

int main(void)
{
  pthread_t thread;
  pthread_create(&thread, NULL, test_func, NULL);
  pthread_detach(thread);
  pthread_cancel(thread);
  pthread_join(thread, NULL);
  pthread_atfork(NULL, NULL, NULL);
  pthread_exit(NULL);

  return 0;
}

Determining if the fwrite_unlocked exist passed with the following output:
Change Dir: /home/ec2-user/apex-db/build/CMakeFiles/CMakeTmp

Run Build Command(s):/usr/bin/ninja-build cmTC_f9b07 && [1/2] Building C object CMakeFiles/cmTC_f9b07.dir/CheckSymbolExists.c.o
[2/2] Linking C executable cmTC_f9b07


File /home/ec2-user/apex-db/build/CMakeFiles/CMakeTmp/CheckSymbolExists.c:
/* */
#include <stdio.h>

int main(int argc, char** argv)
{
  (void)argv;
#ifndef fwrite_unlocked
  return ((int*)(&fwrite_unlocked))[argc];
#else
  (void)argc;
  return 0;
#endif
}
Performing C SOURCE FILE Test HAVE_FFI_CALL succeeded with the following output:
Change Dir: /home/ec2-user/apex-db/build/CMakeFiles/CMakeTmp

Run Build Command(s):/usr/bin/ninja-build cmTC_2bd24 && [1/2] Building C object CMakeFiles/cmTC_2bd24.dir/src.c.o
[2/2] Linking C executable cmTC_2bd24


Source file was:
    #ifdef __cplusplus
    extern "C" {
    #endif
    struct ffi_cif;
    typedef struct ffi_cif ffi_cif;
    void ffi_call(ffi_cif *cif, void (*fn)(void), void *rvalue, void **avalue);
    #ifdef __cplusplus
    }
    #endif
    int main(void) { ffi_call(0, 0, 0, 0); }
    
Determining if the include file histedit.h exists passed with the following output:
Change Dir: /home/ec2-user/apex-db/build/CMakeFiles/CMakeTmp

Run Build Command(s):/usr/bin/ninja-build cmTC_fbec2 && [1/2] Building C object CMakeFiles/cmTC_fbec2.dir/CheckIncludeFile.c.o
[2/2] Linking C executable cmTC_fbec2



